build/app/intermediates/manifest_merge_blame_file/release/manifest-merger-blame-release-report.txt
1<?xml version="1.0" encoding="utf-8"?>
2<manifest xmlns:android="http://schemas.android.com/apk/res/android"
3    package="com.capucho.resumelife_firebase"
4    android:versionCode="1"
5    android:versionName="1.0.0" >
6
7    <uses-sdk
8        android:minSdkVersion="16"
8-->src\main\AndroidManifest.xml
9        android:targetSdkVersion="30" />
9-->src\main\AndroidManifest.xml
10
11    <uses-permission android:name="android.permission.INTERNET" />
11-->[:firebase_messaging] AndroidManifest.xml:7:5-67
11-->[:firebase_messaging] AndroidManifest.xml:7:22-64
12    <uses-permission android:name="android.permission.WAKE_LOCK" />
12-->[:firebase_messaging] AndroidManifest.xml:8:5-68
12-->[:firebase_messaging] AndroidManifest.xml:8:22-65
13    <uses-permission android:name="android.permission.ACCESS_NETWORK_STATE" />
13-->[:firebase_messaging] AndroidManifest.xml:9:5-79
13-->[:firebase_messaging] AndroidManifest.xml:9:22-76
14    <uses-permission android:name="android.permission.READ_EXTERNAL_STORAGE" />
14-->[:image_picker] AndroidManifest.xml:7:5-80
14-->[:image_picker] AndroidManifest.xml:7:22-77
15    <uses-permission android:name="android.permission.WRITE_EXTERNAL_STORAGE" />
15-->[:image_picker] AndroidManifest.xml:8:5-81
15-->[:image_picker] AndroidManifest.xml:8:22-78
16
17    <queries>
17-->[:file_picker] AndroidManifest.xml:9:5-15:15
18        <intent>
18-->[:file_picker] AndroidManifest.xml:10:9-14:18
19            <action android:name="android.intent.action.GET_CONTENT" />
19-->[:file_picker] AndroidManifest.xml:11:13-72
19-->[:file_picker] AndroidManifest.xml:11:21-69
20
21            <data android:mimeType="*/*" />
21-->[:file_picker] AndroidManifest.xml:13:13-44
21-->[:file_picker] AndroidManifest.xml:13:19-41
22        </intent>
23    </queries> <!-- Required by older versions of Google Play services to create IID tokens -->
24    <uses-permission android:name="com.google.android.c2dm.permission.RECEIVE" />
24-->[com.google.firebase:firebase-messaging:21.1.0] AndroidManifest.xml:25:5-82
24-->[com.google.firebase:firebase-messaging:21.1.0] AndroidManifest.xml:25:22-79
25    <uses-permission android:name="com.google.android.finsky.permission.BIND_GET_INSTALL_REFERRER_SERVICE" />
25-->[com.google.android.gms:play-services-measurement:18.0.3] AndroidManifest.xml:26:5-110
25-->[com.google.android.gms:play-services-measurement:18.0.3] AndroidManifest.xml:26:22-107
26
27    <application
27-->src\main\AndroidManifest.xml:3:4-42:19
28        android:name="androidx.multidex.MultiDexApplication"
29        android:appComponentFactory="androidx.core.app.CoreComponentFactory"
29-->[androidx.core:core:1.5.0-rc01] AndroidManifest.xml:24:18-86
30        android:icon="@mipmap/ic_launcher"
30-->src\main\AndroidManifest.xml:5:9-43
31        android:label="Resume" >
31-->src\main\AndroidManifest.xml:4:9-31
32        <activity
32-->src\main\AndroidManifest.xml:6:9-36:20
33            android:name="com.capucho.resumelife_firebase.MainActivity"
33-->src\main\AndroidManifest.xml:7:13-41
34            android:configChanges="orientation|keyboardHidden|keyboard|screenSize|smallestScreenSize|locale|layoutDirection|fontScale|screenLayout|density|uiMode"
34-->src\main\AndroidManifest.xml:10:13-163
35            android:hardwareAccelerated="true"
35-->src\main\AndroidManifest.xml:11:13-47
36            android:launchMode="singleTop"
36-->src\main\AndroidManifest.xml:8:13-43
37            android:theme="@style/LaunchTheme"
37-->src\main\AndroidManifest.xml:9:13-47
38            android:windowSoftInputMode="adjustResize" >
38-->src\main\AndroidManifest.xml:12:13-55
39
40            <!--
41                 Specifies an Android theme to apply to this Activity as soon as
42                 the Android process has started. This theme is visible to the user
43                 while the Flutter UI initializes. After that, this theme continues
44                 to determine the Window background behind the Flutter UI.
45            -->
46            <meta-data
46-->src\main\AndroidManifest.xml:17:13-20:17
47                android:name="io.flutter.embedding.android.NormalTheme"
47-->src\main\AndroidManifest.xml:18:15-70
48                android:resource="@style/NormalTheme" />
48-->src\main\AndroidManifest.xml:19:15-52
49            <!--
50                 Displays an Android View that continues showing the launch screen
51                 Drawable until Flutter paints its first frame, then this splash
52                 screen fades out. A splash screen is useful to avoid any visual
53                 gap between the end of Android's launch screen and the painting of
54                 Flutter's first frame.
55            -->
56            <meta-data
56-->src\main\AndroidManifest.xml:26:13-29:17
57                android:name="io.flutter.embedding.android.SplashScreenDrawable"
57-->src\main\AndroidManifest.xml:27:15-79
58                android:resource="@drawable/launch_background" />
58-->src\main\AndroidManifest.xml:28:15-61
59
60            <intent-filter>
60-->src\main\AndroidManifest.xml:30:13-35:29
61                <action android:name="android.intent.action.MAIN" />
61-->src\main\AndroidManifest.xml:31:17-68
61-->src\main\AndroidManifest.xml:31:25-66
62
63                <category android:name="android.intent.category.LAUNCHER" />
63-->src\main\AndroidManifest.xml:32:17-76
63-->src\main\AndroidManifest.xml:32:27-74
64
65                <action android:name="FLUTTER_NOTIFICATION_CLICK" />
65-->src\main\AndroidManifest.xml:33:17-69
65-->src\main\AndroidManifest.xml:33:25-66
66
67                <category android:name="android.intent.category.DEFAULT" />
67-->src\main\AndroidManifest.xml:34:17-76
67-->src\main\AndroidManifest.xml:34:27-73
68            </intent-filter>
69        </activity>
70        <!--
71             Don't delete the meta-data below.
72             This is used by the Flutter tool to generate GeneratedPluginRegistrant.java
73        -->
74        <meta-data
74-->src\main\AndroidManifest.xml:39:9-41:33
75            android:name="flutterEmbedding"
75-->src\main\AndroidManifest.xml:40:13-44
76            android:value="2" />
76-->src\main\AndroidManifest.xml:41:13-30
77
78        <service
78-->[:firebase_database] AndroidManifest.xml:8:9-12:19
79            android:name="com.google.firebase.components.ComponentDiscoveryService"
79-->[:firebase_database] AndroidManifest.xml:8:18-89
80            android:directBootAware="true"
80-->[com.google.firebase:firebase-common:19.5.0] AndroidManifest.xml:35:13-43
81            android:exported="false" >
81-->[com.google.firebase:firebase-analytics-ktx:18.0.3] AndroidManifest.xml:10:13-37
82            <meta-data
82-->[:firebase_database] AndroidManifest.xml:9:13-11:85
83                android:name="com.google.firebase.components:io.flutter.plugins.firebase.database.FlutterFirebaseAppRegistrar"
83-->[:firebase_database] AndroidManifest.xml:10:17-127
84                android:value="com.google.firebase.components.ComponentRegistrar" />
84-->[:firebase_database] AndroidManifest.xml:11:17-82
85            <meta-data
85-->[:firebase_auth] AndroidManifest.xml:9:13-11:85
86                android:name="com.google.firebase.components:io.flutter.plugins.firebase.auth.FlutterFirebaseAuthRegistrar"
86-->[:firebase_auth] AndroidManifest.xml:10:17-124
87                android:value="com.google.firebase.components.ComponentRegistrar" />
87-->[:firebase_auth] AndroidManifest.xml:11:17-82
88            <meta-data
88-->[:firebase_messaging] AndroidManifest.xml:34:13-36:85
89                android:name="com.google.firebase.components:io.flutter.plugins.firebase.messaging.FlutterFirebaseAppRegistrar"
89-->[:firebase_messaging] AndroidManifest.xml:35:17-128
90                android:value="com.google.firebase.components.ComponentRegistrar" />
90-->[:firebase_messaging] AndroidManifest.xml:36:17-82
91            <meta-data
91-->[:firebase_core] AndroidManifest.xml:9:13-11:85
92                android:name="com.google.firebase.components:io.flutter.plugins.firebase.core.FlutterFirebaseCoreRegistrar"
92-->[:firebase_core] AndroidManifest.xml:10:17-124
93                android:value="com.google.firebase.components.ComponentRegistrar" />
93-->[:firebase_core] AndroidManifest.xml:11:17-82
94            <meta-data
94-->[com.google.firebase:firebase-analytics-ktx:18.0.3] AndroidManifest.xml:11:13-13:85
95                android:name="com.google.firebase.components:com.google.firebase.analytics.ktx.FirebaseAnalyticsKtxRegistrar"
95-->[com.google.firebase:firebase-analytics-ktx:18.0.3] AndroidManifest.xml:12:17-126
96                android:value="com.google.firebase.components.ComponentRegistrar" />
96-->[com.google.firebase:firebase-analytics-ktx:18.0.3] AndroidManifest.xml:13:17-82
97            <meta-data
97-->[com.google.firebase:firebase-common-ktx:19.5.0] AndroidManifest.xml:15:13-17:85
98                android:name="com.google.firebase.components:com.google.firebase.ktx.FirebaseCommonKtxRegistrar"
98-->[com.google.firebase:firebase-common-ktx:19.5.0] AndroidManifest.xml:16:17-113
99                android:value="com.google.firebase.components.ComponentRegistrar" />
99-->[com.google.firebase:firebase-common-ktx:19.5.0] AndroidManifest.xml:17:17-82
100            <meta-data
100-->[com.google.firebase:firebase-messaging:21.1.0] AndroidManifest.xml:52:13-54:85
101                android:name="com.google.firebase.components:com.google.firebase.messaging.FirebaseMessagingRegistrar"
101-->[com.google.firebase:firebase-messaging:21.1.0] AndroidManifest.xml:53:17-119
102                android:value="com.google.firebase.components.ComponentRegistrar" />
102-->[com.google.firebase:firebase-messaging:21.1.0] AndroidManifest.xml:54:17-82
103            <meta-data
103-->[com.google.firebase:firebase-datatransport:17.0.10] AndroidManifest.xml:28:13-30:85
104                android:name="com.google.firebase.components:com.google.firebase.datatransport.TransportRegistrar"
104-->[com.google.firebase:firebase-datatransport:17.0.10] AndroidManifest.xml:29:17-115
105                android:value="com.google.firebase.components.ComponentRegistrar" />
105-->[com.google.firebase:firebase-datatransport:17.0.10] AndroidManifest.xml:30:17-82
106            <meta-data
106-->[com.google.firebase:firebase-auth:20.0.4] AndroidManifest.xml:77:13-79:85
107                android:name="com.google.firebase.components:com.google.firebase.auth.FirebaseAuthRegistrar"
107-->[com.google.firebase:firebase-auth:20.0.4] AndroidManifest.xml:78:17-109
108                android:value="com.google.firebase.components.ComponentRegistrar" />
108-->[com.google.firebase:firebase-auth:20.0.4] AndroidManifest.xml:79:17-82
109            <meta-data
109-->[com.google.firebase:firebase-iid:21.1.0] AndroidManifest.xml:32:13-34:85
110                android:name="com.google.firebase.components:com.google.firebase.iid.Registrar"
110-->[com.google.firebase:firebase-iid:21.1.0] AndroidManifest.xml:33:17-96
111                android:value="com.google.firebase.components.ComponentRegistrar" />
111-->[com.google.firebase:firebase-iid:21.1.0] AndroidManifest.xml:34:17-82
112            <meta-data
112-->[com.google.firebase:firebase-database:19.7.0] AndroidManifest.xml:32:13-34:85
113                android:name="com.google.firebase.components:com.google.firebase.database.DatabaseRegistrar"
113-->[com.google.firebase:firebase-database:19.7.0] AndroidManifest.xml:33:17-109
114                android:value="com.google.firebase.components.ComponentRegistrar" />
114-->[com.google.firebase:firebase-database:19.7.0] AndroidManifest.xml:34:17-82
115            <meta-data
115-->[com.google.android.gms:play-services-measurement-api:18.0.3] AndroidManifest.xml:30:13-32:85
116                android:name="com.google.firebase.components:com.google.firebase.analytics.connector.internal.AnalyticsConnectorRegistrar"
116-->[com.google.android.gms:play-services-measurement-api:18.0.3] AndroidManifest.xml:31:17-139
117                android:value="com.google.firebase.components.ComponentRegistrar" />
117-->[com.google.android.gms:play-services-measurement-api:18.0.3] AndroidManifest.xml:32:17-82
118            <meta-data
118-->[com.google.firebase:firebase-installations:16.3.5] AndroidManifest.xml:18:13-20:85
119                android:name="com.google.firebase.components:com.google.firebase.installations.FirebaseInstallationsRegistrar"
119-->[com.google.firebase:firebase-installations:16.3.5] AndroidManifest.xml:19:17-127
120                android:value="com.google.firebase.components.ComponentRegistrar" />
120-->[com.google.firebase:firebase-installations:16.3.5] AndroidManifest.xml:20:17-82
121            <!--
122                This registrar is not defined in the dynamic-module-support sdk itself to allow non-firebase
123                clients to use it as well, by defining this registrar in their own core/common library.
124            -->
125            <meta-data
125-->[com.google.firebase:firebase-common:19.5.0] AndroidManifest.xml:43:13-45:85
126                android:name="com.google.firebase.components:com.google.firebase.dynamicloading.DynamicLoadingRegistrar"
126-->[com.google.firebase:firebase-common:19.5.0] AndroidManifest.xml:44:17-121
127                android:value="com.google.firebase.components.ComponentRegistrar" />
127-->[com.google.firebase:firebase-common:19.5.0] AndroidManifest.xml:45:17-82
128        </service>
129        <service
129-->[:firebase_messaging] AndroidManifest.xml:12:9-15:72
130            android:name="io.flutter.plugins.firebase.messaging.FlutterFirebaseMessagingBackgroundService"
130-->[:firebase_messaging] AndroidManifest.xml:13:13-107
131            android:exported="false"
131-->[:firebase_messaging] AndroidManifest.xml:14:13-37
132            android:permission="android.permission.BIND_JOB_SERVICE" />
132-->[:firebase_messaging] AndroidManifest.xml:15:13-69
133        <service
133-->[:firebase_messaging] AndroidManifest.xml:16:9-22:19
134            android:name="io.flutter.plugins.firebase.messaging.FlutterFirebaseMessagingService"
134-->[:firebase_messaging] AndroidManifest.xml:17:13-97
135            android:exported="false" >
135-->[:firebase_messaging] AndroidManifest.xml:18:13-37
136            <intent-filter>
136-->[:firebase_messaging] AndroidManifest.xml:19:13-21:29
137                <action android:name="com.google.firebase.MESSAGING_EVENT" />
137-->[:firebase_messaging] AndroidManifest.xml:20:17-78
137-->[:firebase_messaging] AndroidManifest.xml:20:25-75
138            </intent-filter>
139        </service>
140
141        <receiver
141-->[:firebase_messaging] AndroidManifest.xml:24:9-31:20
142            android:name="io.flutter.plugins.firebase.messaging.FlutterFirebaseMessagingReceiver"
142-->[:firebase_messaging] AndroidManifest.xml:25:13-98
143            android:exported="true"
143-->[:firebase_messaging] AndroidManifest.xml:26:13-36
144            android:permission="com.google.android.c2dm.permission.SEND" >
144-->[:firebase_messaging] AndroidManifest.xml:27:13-73
145            <intent-filter>
145-->[:firebase_messaging] AndroidManifest.xml:28:13-30:29
146                <action android:name="com.google.android.c2dm.intent.RECEIVE" />
146-->[:firebase_messaging] AndroidManifest.xml:29:17-81
146-->[:firebase_messaging] AndroidManifest.xml:29:25-78
147            </intent-filter>
148        </receiver>
149
150        <provider
150-->[:firebase_messaging] AndroidManifest.xml:39:9-43:38
151            android:name="io.flutter.plugins.firebase.messaging.FlutterFirebaseMessagingInitProvider"
151-->[:firebase_messaging] AndroidManifest.xml:40:13-102
152            android:authorities="com.capucho.resumelife_firebase.flutterfirebasemessaginginitprovider"
152-->[:firebase_messaging] AndroidManifest.xml:41:13-88
153            android:exported="false"
153-->[:firebase_messaging] AndroidManifest.xml:42:13-37
154            android:initOrder="99" />
154-->[:firebase_messaging] AndroidManifest.xml:43:13-35
155        <provider
155-->[:image_picker] AndroidManifest.xml:11:9-19:20
156            android:name="io.flutter.plugins.imagepicker.ImagePickerFileProvider"
156-->[:image_picker] AndroidManifest.xml:12:13-82
157            android:authorities="com.capucho.resumelife_firebase.flutter.image_provider"
157-->[:image_picker] AndroidManifest.xml:13:13-74
158            android:exported="false"
158-->[:image_picker] AndroidManifest.xml:14:13-37
159            android:grantUriPermissions="true" >
159-->[:image_picker] AndroidManifest.xml:15:13-47
160            <meta-data
160-->[:image_picker] AndroidManifest.xml:16:13-18:75
161                android:name="android.support.FILE_PROVIDER_PATHS"
161-->[:image_picker] AndroidManifest.xml:17:17-67
162                android:resource="@xml/flutter_image_picker_file_paths" />
162-->[:image_picker] AndroidManifest.xml:18:17-72
163        </provider>
164
165        <activity
165-->[:url_launcher] AndroidManifest.xml:8:9-11:74
166            android:name="io.flutter.plugins.urllauncher.WebViewActivity"
166-->[:url_launcher] AndroidManifest.xml:9:13-74
167            android:exported="false"
167-->[:url_launcher] AndroidManifest.xml:10:13-37
168            android:theme="@android:style/Theme.NoTitleBar.Fullscreen" />
168-->[:url_launcher] AndroidManifest.xml:11:13-71
169
170        <provider
170-->[:share] AndroidManifest.xml:8:9-16:20
171            android:name="io.flutter.plugins.share.ShareFileProvider"
171-->[:share] AndroidManifest.xml:9:13-70
172            android:authorities="com.capucho.resumelife_firebase.flutter.share_provider"
172-->[:share] AndroidManifest.xml:10:13-74
173            android:exported="false"
173-->[:share] AndroidManifest.xml:11:13-37
174            android:grantUriPermissions="true" >
174-->[:share] AndroidManifest.xml:12:13-47
175            <meta-data
175-->[:image_picker] AndroidManifest.xml:16:13-18:75
176                android:name="android.support.FILE_PROVIDER_PATHS"
176-->[:image_picker] AndroidManifest.xml:17:17-67
177                android:resource="@xml/flutter_share_file_paths" />
177-->[:image_picker] AndroidManifest.xml:18:17-72
178        </provider>
179
180        <receiver
180-->[com.google.firebase:firebase-messaging:21.1.0] AndroidManifest.xml:28:9-35:20
181            android:name="com.google.firebase.iid.FirebaseInstanceIdReceiver"
181-->[com.google.firebase:firebase-messaging:21.1.0] AndroidManifest.xml:29:13-78
182            android:exported="true"
182-->[com.google.firebase:firebase-messaging:21.1.0] AndroidManifest.xml:30:13-36
183            android:permission="com.google.android.c2dm.permission.SEND" >
183-->[com.google.firebase:firebase-messaging:21.1.0] AndroidManifest.xml:31:13-73
184            <intent-filter>
184-->[:firebase_messaging] AndroidManifest.xml:28:13-30:29
185                <action android:name="com.google.android.c2dm.intent.RECEIVE" />
185-->[:firebase_messaging] AndroidManifest.xml:29:17-81
185-->[:firebase_messaging] AndroidManifest.xml:29:25-78
186            </intent-filter>
187        </receiver>
188        <!--
189             FirebaseMessagingService performs security checks at runtime,
190             but set to not exported to explicitly avoid allowing another app to call it.
191        -->
192        <service
192-->[com.google.firebase:firebase-messaging:21.1.0] AndroidManifest.xml:41:9-48:19
193            android:name="com.google.firebase.messaging.FirebaseMessagingService"
193-->[com.google.firebase:firebase-messaging:21.1.0] AndroidManifest.xml:42:13-82
194            android:directBootAware="true"
194-->[com.google.firebase:firebase-messaging:21.1.0] AndroidManifest.xml:43:13-43
195            android:exported="false" >
195-->[com.google.firebase:firebase-messaging:21.1.0] AndroidManifest.xml:44:13-37
196            <intent-filter android:priority="-500" >
196-->[:firebase_messaging] AndroidManifest.xml:19:13-21:29
197                <action android:name="com.google.firebase.MESSAGING_EVENT" />
197-->[:firebase_messaging] AndroidManifest.xml:20:17-78
197-->[:firebase_messaging] AndroidManifest.xml:20:25-75
198            </intent-filter>
199        </service>
200        <service
200-->[com.google.android.datatransport:transport-backend-cct:2.3.3] AndroidManifest.xml:29:9-35:19
201            android:name="com.google.android.datatransport.runtime.backends.TransportBackendDiscovery"
201-->[com.google.android.datatransport:transport-backend-cct:2.3.3] AndroidManifest.xml:30:13-103
202            android:exported="false" >
202-->[com.google.android.datatransport:transport-backend-cct:2.3.3] AndroidManifest.xml:31:13-37
203            <meta-data
203-->[com.google.android.datatransport:transport-backend-cct:2.3.3] AndroidManifest.xml:32:13-34:39
204                android:name="backend:com.google.android.datatransport.cct.CctBackendFactory"
204-->[com.google.android.datatransport:transport-backend-cct:2.3.3] AndroidManifest.xml:33:17-94
205                android:value="cct" />
205-->[com.google.android.datatransport:transport-backend-cct:2.3.3] AndroidManifest.xml:34:17-36
206        </service>
207
208        <activity
208-->[com.google.firebase:firebase-auth:20.0.4] AndroidManifest.xml:27:9-44:20
209            android:name="com.google.firebase.auth.internal.GenericIdpActivity"
209-->[com.google.firebase:firebase-auth:20.0.4] AndroidManifest.xml:28:13-80
210            android:excludeFromRecents="true"
210-->[com.google.firebase:firebase-auth:20.0.4] AndroidManifest.xml:29:13-46
211            android:exported="true"
211-->[com.google.firebase:firebase-auth:20.0.4] AndroidManifest.xml:30:13-36
212            android:launchMode="singleTask"
212-->[com.google.firebase:firebase-auth:20.0.4] AndroidManifest.xml:31:13-44
213            android:theme="@android:style/Theme.Translucent.NoTitleBar" >
213-->[com.google.firebase:firebase-auth:20.0.4] AndroidManifest.xml:32:13-72
214            <intent-filter>
214-->[com.google.firebase:firebase-auth:20.0.4] AndroidManifest.xml:33:13-43:29
215                <action android:name="android.intent.action.VIEW" />
215-->[com.google.firebase:firebase-auth:20.0.4] AndroidManifest.xml:34:17-69
215-->[com.google.firebase:firebase-auth:20.0.4] AndroidManifest.xml:34:25-66
216
217                <category android:name="android.intent.category.DEFAULT" />
217-->src\main\AndroidManifest.xml:34:17-76
217-->src\main\AndroidManifest.xml:34:27-73
218                <category android:name="android.intent.category.BROWSABLE" />
218-->[com.google.firebase:firebase-auth:20.0.4] AndroidManifest.xml:37:17-78
218-->[com.google.firebase:firebase-auth:20.0.4] AndroidManifest.xml:37:27-75
219
220                <data
220-->[:file_picker] AndroidManifest.xml:13:13-44
221                    android:host="firebase.auth"
222                    android:path="/"
223                    android:scheme="genericidp" />
224            </intent-filter>
225        </activity>
226        <activity
226-->[com.google.firebase:firebase-auth:20.0.4] AndroidManifest.xml:45:9-62:20
227            android:name="com.google.firebase.auth.internal.RecaptchaActivity"
227-->[com.google.firebase:firebase-auth:20.0.4] AndroidManifest.xml:46:13-79
228            android:excludeFromRecents="true"
228-->[com.google.firebase:firebase-auth:20.0.4] AndroidManifest.xml:47:13-46
229            android:exported="true"
229-->[com.google.firebase:firebase-auth:20.0.4] AndroidManifest.xml:48:13-36
230            android:launchMode="singleTask"
230-->[com.google.firebase:firebase-auth:20.0.4] AndroidManifest.xml:49:13-44
231            android:theme="@android:style/Theme.Translucent.NoTitleBar" >
231-->[com.google.firebase:firebase-auth:20.0.4] AndroidManifest.xml:50:13-72
232            <intent-filter>
232-->[com.google.firebase:firebase-auth:20.0.4] AndroidManifest.xml:51:13-61:29
233                <action android:name="android.intent.action.VIEW" />
233-->[com.google.firebase:firebase-auth:20.0.4] AndroidManifest.xml:34:17-69
233-->[com.google.firebase:firebase-auth:20.0.4] AndroidManifest.xml:34:25-66
234
235                <category android:name="android.intent.category.DEFAULT" />
235-->src\main\AndroidManifest.xml:34:17-76
235-->src\main\AndroidManifest.xml:34:27-73
236                <category android:name="android.intent.category.BROWSABLE" />
236-->[com.google.firebase:firebase-auth:20.0.4] AndroidManifest.xml:37:17-78
236-->[com.google.firebase:firebase-auth:20.0.4] AndroidManifest.xml:37:27-75
237
238                <data
238-->[:file_picker] AndroidManifest.xml:13:13-44
239                    android:host="firebase.auth"
240                    android:path="/"
241                    android:scheme="recaptcha" />
242            </intent-filter>
243        </activity>
244
245        <service
245-->[com.google.firebase:firebase-auth:20.0.4] AndroidManifest.xml:64:9-73:19
246            android:name="com.google.firebase.auth.api.fallback.service.FirebaseAuthFallbackService"
246-->[com.google.firebase:firebase-auth:20.0.4] AndroidManifest.xml:65:13-101
247            android:enabled="true"
247-->[com.google.firebase:firebase-auth:20.0.4] AndroidManifest.xml:66:13-35
248            android:exported="false" >
248-->[com.google.firebase:firebase-auth:20.0.4] AndroidManifest.xml:67:13-37
249            <intent-filter>
249-->[com.google.firebase:firebase-auth:20.0.4] AndroidManifest.xml:68:13-72:29
250                <action android:name="com.google.firebase.auth.api.gms.service.START" />
250-->[com.google.firebase:firebase-auth:20.0.4] AndroidManifest.xml:69:17-89
250-->[com.google.firebase:firebase-auth:20.0.4] AndroidManifest.xml:69:25-86
251
252                <category android:name="android.intent.category.DEFAULT" />
252-->src\main\AndroidManifest.xml:34:17-76
252-->src\main\AndroidManifest.xml:34:27-73
253            </intent-filter>
254        </service>
255
256        <provider
256-->[com.google.firebase:firebase-common:19.5.0] AndroidManifest.xml:26:9-31:39
257            android:name="com.google.firebase.provider.FirebaseInitProvider"
257-->[com.google.firebase:firebase-common:19.5.0] AndroidManifest.xml:27:13-77
258            android:authorities="com.capucho.resumelife_firebase.firebaseinitprovider"
258-->[com.google.firebase:firebase-common:19.5.0] AndroidManifest.xml:28:13-72
259            android:directBootAware="true"
259-->[com.google.firebase:firebase-common:19.5.0] AndroidManifest.xml:29:13-43
260            android:exported="false"
260-->[com.google.firebase:firebase-common:19.5.0] AndroidManifest.xml:30:13-37
261            android:initOrder="100" />
261-->[com.google.firebase:firebase-common:19.5.0] AndroidManifest.xml:31:13-36
262
263        <activity
263-->[com.google.android.gms:play-services-base:17.1.0] AndroidManifest.xml:23:9-26:75
264            android:name="com.google.android.gms.common.api.GoogleApiActivity"
264-->[com.google.android.gms:play-services-base:17.1.0] AndroidManifest.xml:24:13-79
265            android:exported="false"
265-->[com.google.android.gms:play-services-base:17.1.0] AndroidManifest.xml:25:13-37
266            android:theme="@android:style/Theme.Translucent.NoTitleBar" />
266-->[com.google.android.gms:play-services-base:17.1.0] AndroidManifest.xml:26:13-72
267
268        <receiver
268-->[com.google.android.gms:play-services-measurement:18.0.3] AndroidManifest.xml:29:9-33:20
269            android:name="com.google.android.gms.measurement.AppMeasurementReceiver"
269-->[com.google.android.gms:play-services-measurement:18.0.3] AndroidManifest.xml:30:13-85
270            android:enabled="true"
270-->[com.google.android.gms:play-services-measurement:18.0.3] AndroidManifest.xml:31:13-35
271            android:exported="false" >
271-->[com.google.android.gms:play-services-measurement:18.0.3] AndroidManifest.xml:32:13-37
272        </receiver>
273
274        <service
274-->[com.google.android.gms:play-services-measurement:18.0.3] AndroidManifest.xml:35:9-38:40
275            android:name="com.google.android.gms.measurement.AppMeasurementService"
275-->[com.google.android.gms:play-services-measurement:18.0.3] AndroidManifest.xml:36:13-84
276            android:enabled="true"
276-->[com.google.android.gms:play-services-measurement:18.0.3] AndroidManifest.xml:37:13-35
277            android:exported="false" />
277-->[com.google.android.gms:play-services-measurement:18.0.3] AndroidManifest.xml:38:13-37
278        <service
278-->[com.google.android.gms:play-services-measurement:18.0.3] AndroidManifest.xml:39:9-43:72
279            android:name="com.google.android.gms.measurement.AppMeasurementJobService"
279-->[com.google.android.gms:play-services-measurement:18.0.3] AndroidManifest.xml:40:13-87
280            android:enabled="true"
280-->[com.google.android.gms:play-services-measurement:18.0.3] AndroidManifest.xml:41:13-35
281            android:exported="false"
281-->[com.google.android.gms:play-services-measurement:18.0.3] AndroidManifest.xml:42:13-37
282            android:permission="android.permission.BIND_JOB_SERVICE" />
282-->[com.google.android.gms:play-services-measurement:18.0.3] AndroidManifest.xml:43:13-69
283
284        <meta-data
284-->[com.google.android.gms:play-services-basement:17.1.0] AndroidManifest.xml:23:9-25:69
285            android:name="com.google.android.gms.version"
285-->[com.google.android.gms:play-services-basement:17.1.0] AndroidManifest.xml:24:13-58
286            android:value="@integer/google_play_services_version" />
286-->[com.google.android.gms:play-services-basement:17.1.0] AndroidManifest.xml:25:13-66
287
288        <service
288-->[com.google.android.datatransport:transport-runtime:2.2.5] AndroidManifest.xml:26:9-30:19
289            android:name="com.google.android.datatransport.runtime.scheduling.jobscheduling.JobInfoSchedulerService"
289-->[com.google.android.datatransport:transport-runtime:2.2.5] AndroidManifest.xml:27:13-117
290            android:exported="false"